<?xml version="1.0" encoding="UTF-8"?>
<!-- Generated by org.testng.reporters.JUnitReportReporter -->
<testsuite hostname="LIN41006109" failures="0" tests="1" name="mainTest.GetEarthquakeData" time="6.761" errors="0" timestamp="2022-08-05T22:26:39 IST" skipped="0">
  <testcase classname="mainTest.GetEarthquakeData" name="getEqdata" time="6.761"/>
  <system-out/>
</testsuite> <!-- mainTest.GetEarthquakeData -->
