<?xml version="1.0" encoding="UTF-8"?>
<!-- Generated by org.testng.reporters.JUnitReportReporter -->
<testsuite hostname="LIN41006109" failures="0" tests="1" name="jsonObjects.GetEarthquakeData" time="2.190" errors="0" timestamp="2022-08-06T17:09:59 IST" skipped="0">
  <testcase classname="jsonObjects.GetEarthquakeData" name="getEqdata" time="2.190"/>
  <system-out/>
</testsuite> <!-- jsonObjects.GetEarthquakeData -->
