<?xml version="1.0" encoding="UTF-8"?>
<!-- Generated by org.testng.reporters.JUnitReportReporter -->
<testsuite hostname="LIN41006109" failures="0" tests="1" name="mainTest.GetEarthquakeData" time="4.627" errors="0" timestamp="2022-08-06T20:00:45 IST" skipped="0">
  <testcase classname="mainTest.GetEarthquakeData" name="getEqdata" time="4.627"/>
  <system-out/>
</testsuite> <!-- mainTest.GetEarthquakeData -->
