<?xml version="1.0" encoding="UTF-8"?>
<!-- Generated by org.testng.reporters.JUnitReportReporter -->
<testsuite hostname="LIN41006109" failures="0" tests="1" name="mainTest.GetEarthquakeData" time="2.259" errors="0" timestamp="2022-08-06T18:31:49 IST" skipped="0">
  <testcase classname="mainTest.GetEarthquakeData" name="getEqdata" time="2.259"/>
  <system-out/>
</testsuite> <!-- mainTest.GetEarthquakeData -->
