<?xml version="1.0" encoding="UTF-8"?>
<!-- Generated by org.testng.reporters.JUnitReportReporter -->
<testsuite hostname="LIN41006109" failures="0" tests="1" name="mainTest.GetEarthquakeData" time="6.270" errors="0" timestamp="2022-08-06T17:50:48 IST" skipped="0">
  <testcase classname="mainTest.GetEarthquakeData" name="getEqdata" time="6.270"/>
  <system-out/>
</testsuite> <!-- mainTest.GetEarthquakeData -->
