<?xml version="1.0" encoding="UTF-8"?>
<!-- Generated by org.testng.reporters.JUnitReportReporter -->
<testsuite hostname="LIN41006109" failures="0" tests="1" name="mainTest.GetEarthquakeData" time="8.700" errors="0" timestamp="2022-08-05T15:59:43 IST" skipped="0">
  <testcase classname="mainTest.GetEarthquakeData" name="getEqdata" time="8.700"/>
  <system-out/>
</testsuite> <!-- mainTest.GetEarthquakeData -->
